   1               		.file	"ws2812b.c"
   2               	__SREG__ = 0x3f
   3               	__SP_H__ = 0x3e
   4               	__SP_L__ = 0x3d
   5               	__CCP__  = 0x34
   6               	__tmp_reg__ = 0
   7               	__zero_reg__ = 1
  15               	.Ltext0:
  16               	.global	WS2812B_Gpio_Init
  18               	WS2812B_Gpio_Init:
  19               	.LFB6:
  20               	.LM1:
  21               	/* prologue: function */
  22               	/* frame size = 0 */
  23               	.LM2:
  24 0000 559A      		sbi 42-32,5
  25               	.LM3:
  26 0002 5D98      		cbi 43-32,5
  27               	/* epilogue start */
  28               	.LM4:
  29 0004 0895      		ret
  30               	.LFE6:
  32               	.global	WS2812B_Send_Byte
  34               	WS2812B_Send_Byte:
  35               	.LFB7:
  36               	.LM5:
  37               	.LVL0:
  38               	/* prologue: function */
  39               	/* frame size = 0 */
  40               	.LM6:
  41 0006 87FF      		sbrs r24,7
  42 0008 00C0      		rjmp .L4
  43               	.LM7:
  44 000a 5D9A      		sbi 43-32,5
  45               	.LM8:
  46               	/* #APP */
  47               	 ;  48 "ws2812b.c" 1
  48 000c 0000      		nop 
  49               	 ;  0 "" 2
  50               	.LM9:
  51               	 ;  49 "ws2812b.c" 1
  52 000e 0000      		nop 
  53               	 ;  0 "" 2
  54               	.LM10:
  55               	 ;  50 "ws2812b.c" 1
  56 0010 0000      		nop 
  57               	 ;  0 "" 2
  58               	.LM11:
  59               	 ;  51 "ws2812b.c" 1
  60 0012 0000      		nop 
  61               	 ;  0 "" 2
  62               	.LM12:
  63               	 ;  52 "ws2812b.c" 1
  64 0014 0000      		nop 
  65               	 ;  0 "" 2
  66               	.LM13:
  67               	 ;  53 "ws2812b.c" 1
  68 0016 0000      		nop 
  69               	 ;  0 "" 2
  70               	.LM14:
  71               	 ;  54 "ws2812b.c" 1
  72 0018 0000      		nop 
  73               	 ;  0 "" 2
  74               	.LM15:
  75               	 ;  55 "ws2812b.c" 1
  76 001a 0000      		nop 
  77               	 ;  0 "" 2
  78               	.LM16:
  79               	/* #NOAPP */
  80 001c 5D98      		cbi 43-32,5
  81 001e 00C0      		rjmp .L5
  82               	.L4:
  83               	.LM17:
  84 0020 5D9A      		sbi 43-32,5
  85               	.LM18:
  86               	/* #APP */
  87               	 ;  59 "ws2812b.c" 1
  88 0022 0000      		nop 
  89               	 ;  0 "" 2
  90               	.LM19:
  91               	 ;  60 "ws2812b.c" 1
  92 0024 0000      		nop 
  93               	 ;  0 "" 2
  94               	.LM20:
  95               	 ;  61 "ws2812b.c" 1
  96 0026 0000      		nop 
  97               	 ;  0 "" 2
  98               	.LM21:
  99               	/* #NOAPP */
 100 0028 5D98      		cbi 43-32,5
 101               	.LM22:
 102               	/* #APP */
 103               	 ;  63 "ws2812b.c" 1
 104 002a 0000      		nop 
 105               	 ;  0 "" 2
 106               	.LM23:
 107               	 ;  64 "ws2812b.c" 1
 108 002c 0000      		nop 
 109               	 ;  0 "" 2
 110               	.LM24:
 111               	 ;  65 "ws2812b.c" 1
 112 002e 0000      		nop 
 113               	 ;  0 "" 2
 114               	.LM25:
 115               	 ;  66 "ws2812b.c" 1
 116 0030 0000      		nop 
 117               	 ;  0 "" 2
 118               	.LM26:
 119               	 ;  67 "ws2812b.c" 1
 120 0032 0000      		nop 
 121               	 ;  0 "" 2
 122               	/* #NOAPP */
 123               	.L5:
 124               	.LM27:
 125 0034 86FF      		sbrs r24,6
 126 0036 00C0      		rjmp .L6
 127               	.LVL1:
 128               	.LM28:
 129 0038 5D9A      		sbi 43-32,5
 130               	.LM29:
 131               	/* #APP */
 132               	 ;  73 "ws2812b.c" 1
 133 003a 0000      		nop 
 134               	 ;  0 "" 2
 135               	.LM30:
 136               	 ;  74 "ws2812b.c" 1
 137 003c 0000      		nop 
 138               	 ;  0 "" 2
 139               	.LM31:
 140               	 ;  75 "ws2812b.c" 1
 141 003e 0000      		nop 
 142               	 ;  0 "" 2
 143               	.LM32:
 144               	 ;  76 "ws2812b.c" 1
 145 0040 0000      		nop 
 146               	 ;  0 "" 2
 147               	.LM33:
 148               	 ;  77 "ws2812b.c" 1
 149 0042 0000      		nop 
 150               	 ;  0 "" 2
 151               	.LM34:
 152               	 ;  78 "ws2812b.c" 1
 153 0044 0000      		nop 
 154               	 ;  0 "" 2
 155               	.LM35:
 156               	 ;  79 "ws2812b.c" 1
 157 0046 0000      		nop 
 158               	 ;  0 "" 2
 159               	.LM36:
 160               	 ;  80 "ws2812b.c" 1
 161 0048 0000      		nop 
 162               	 ;  0 "" 2
 163               	.LM37:
 164               	/* #NOAPP */
 165 004a 5D98      		cbi 43-32,5
 166 004c 00C0      		rjmp .L7
 167               	.L6:
 168               	.LM38:
 169 004e 5D9A      		sbi 43-32,5
 170               	.LM39:
 171               	/* #APP */
 172               	 ;  84 "ws2812b.c" 1
 173 0050 0000      		nop 
 174               	 ;  0 "" 2
 175               	.LM40:
 176               	 ;  85 "ws2812b.c" 1
 177 0052 0000      		nop 
 178               	 ;  0 "" 2
 179               	.LM41:
 180               	 ;  86 "ws2812b.c" 1
 181 0054 0000      		nop 
 182               	 ;  0 "" 2
 183               	.LM42:
 184               	/* #NOAPP */
 185 0056 5D98      		cbi 43-32,5
 186               	.LM43:
 187               	/* #APP */
 188               	 ;  88 "ws2812b.c" 1
 189 0058 0000      		nop 
 190               	 ;  0 "" 2
 191               	.LM44:
 192               	 ;  89 "ws2812b.c" 1
 193 005a 0000      		nop 
 194               	 ;  0 "" 2
 195               	.LM45:
 196               	 ;  90 "ws2812b.c" 1
 197 005c 0000      		nop 
 198               	 ;  0 "" 2
 199               	.LM46:
 200               	 ;  91 "ws2812b.c" 1
 201 005e 0000      		nop 
 202               	 ;  0 "" 2
 203               	.LM47:
 204               	 ;  92 "ws2812b.c" 1
 205 0060 0000      		nop 
 206               	 ;  0 "" 2
 207               	/* #NOAPP */
 208               	.L7:
 209               	.LM48:
 210 0062 85FF      		sbrs r24,5
 211 0064 00C0      		rjmp .L8
 212               	.LM49:
 213 0066 5D9A      		sbi 43-32,5
 214               	.LM50:
 215               	/* #APP */
 216               	 ;  98 "ws2812b.c" 1
 217 0068 0000      		nop 
 218               	 ;  0 "" 2
 219               	.LM51:
 220               	 ;  99 "ws2812b.c" 1
 221 006a 0000      		nop 
 222               	 ;  0 "" 2
 223               	.LM52:
 224               	 ;  100 "ws2812b.c" 1
 225 006c 0000      		nop 
 226               	 ;  0 "" 2
 227               	.LM53:
 228               	 ;  101 "ws2812b.c" 1
 229 006e 0000      		nop 
 230               	 ;  0 "" 2
 231               	.LM54:
 232               	 ;  102 "ws2812b.c" 1
 233 0070 0000      		nop 
 234               	 ;  0 "" 2
 235               	.LM55:
 236               	 ;  103 "ws2812b.c" 1
 237 0072 0000      		nop 
 238               	 ;  0 "" 2
 239               	.LM56:
 240               	 ;  104 "ws2812b.c" 1
 241 0074 0000      		nop 
 242               	 ;  0 "" 2
 243               	.LM57:
 244               	 ;  105 "ws2812b.c" 1
 245 0076 0000      		nop 
 246               	 ;  0 "" 2
 247               	.LM58:
 248               	/* #NOAPP */
 249 0078 5D98      		cbi 43-32,5
 250 007a 00C0      		rjmp .L9
 251               	.L8:
 252               	.LM59:
 253 007c 5D9A      		sbi 43-32,5
 254               	.LM60:
 255               	/* #APP */
 256               	 ;  109 "ws2812b.c" 1
 257 007e 0000      		nop 
 258               	 ;  0 "" 2
 259               	.LM61:
 260               	 ;  110 "ws2812b.c" 1
 261 0080 0000      		nop 
 262               	 ;  0 "" 2
 263               	.LM62:
 264               	 ;  111 "ws2812b.c" 1
 265 0082 0000      		nop 
 266               	 ;  0 "" 2
 267               	.LM63:
 268               	/* #NOAPP */
 269 0084 5D98      		cbi 43-32,5
 270               	.LM64:
 271               	/* #APP */
 272               	 ;  113 "ws2812b.c" 1
 273 0086 0000      		nop 
 274               	 ;  0 "" 2
 275               	.LM65:
 276               	 ;  114 "ws2812b.c" 1
 277 0088 0000      		nop 
 278               	 ;  0 "" 2
 279               	.LM66:
 280               	 ;  115 "ws2812b.c" 1
 281 008a 0000      		nop 
 282               	 ;  0 "" 2
 283               	.LM67:
 284               	 ;  116 "ws2812b.c" 1
 285 008c 0000      		nop 
 286               	 ;  0 "" 2
 287               	.LM68:
 288               	 ;  117 "ws2812b.c" 1
 289 008e 0000      		nop 
 290               	 ;  0 "" 2
 291               	/* #NOAPP */
 292               	.L9:
 293               	.LM69:
 294 0090 84FF      		sbrs r24,4
 295 0092 00C0      		rjmp .L10
 296               	.LM70:
 297 0094 5D9A      		sbi 43-32,5
 298               	.LM71:
 299               	/* #APP */
 300               	 ;  123 "ws2812b.c" 1
 301 0096 0000      		nop 
 302               	 ;  0 "" 2
 303               	.LM72:
 304               	 ;  124 "ws2812b.c" 1
 305 0098 0000      		nop 
 306               	 ;  0 "" 2
 307               	.LM73:
 308               	 ;  125 "ws2812b.c" 1
 309 009a 0000      		nop 
 310               	 ;  0 "" 2
 311               	.LM74:
 312               	 ;  126 "ws2812b.c" 1
 313 009c 0000      		nop 
 314               	 ;  0 "" 2
 315               	.LM75:
 316               	 ;  127 "ws2812b.c" 1
 317 009e 0000      		nop 
 318               	 ;  0 "" 2
 319               	.LM76:
 320               	 ;  128 "ws2812b.c" 1
 321 00a0 0000      		nop 
 322               	 ;  0 "" 2
 323               	.LM77:
 324               	 ;  129 "ws2812b.c" 1
 325 00a2 0000      		nop 
 326               	 ;  0 "" 2
 327               	.LM78:
 328               	 ;  130 "ws2812b.c" 1
 329 00a4 0000      		nop 
 330               	 ;  0 "" 2
 331               	.LM79:
 332               	/* #NOAPP */
 333 00a6 5D98      		cbi 43-32,5
 334 00a8 00C0      		rjmp .L11
 335               	.L10:
 336               	.LM80:
 337 00aa 5D9A      		sbi 43-32,5
 338               	.LM81:
 339               	/* #APP */
 340               	 ;  134 "ws2812b.c" 1
 341 00ac 0000      		nop 
 342               	 ;  0 "" 2
 343               	.LM82:
 344               	 ;  135 "ws2812b.c" 1
 345 00ae 0000      		nop 
 346               	 ;  0 "" 2
 347               	.LM83:
 348               	 ;  136 "ws2812b.c" 1
 349 00b0 0000      		nop 
 350               	 ;  0 "" 2
 351               	.LM84:
 352               	/* #NOAPP */
 353 00b2 5D98      		cbi 43-32,5
 354               	.LM85:
 355               	/* #APP */
 356               	 ;  138 "ws2812b.c" 1
 357 00b4 0000      		nop 
 358               	 ;  0 "" 2
 359               	.LM86:
 360               	 ;  139 "ws2812b.c" 1
 361 00b6 0000      		nop 
 362               	 ;  0 "" 2
 363               	.LM87:
 364               	 ;  140 "ws2812b.c" 1
 365 00b8 0000      		nop 
 366               	 ;  0 "" 2
 367               	.LM88:
 368               	 ;  141 "ws2812b.c" 1
 369 00ba 0000      		nop 
 370               	 ;  0 "" 2
 371               	.LM89:
 372               	 ;  142 "ws2812b.c" 1
 373 00bc 0000      		nop 
 374               	 ;  0 "" 2
 375               	/* #NOAPP */
 376               	.L11:
 377               	.LM90:
 378 00be 83FF      		sbrs r24,3
 379 00c0 00C0      		rjmp .L12
 380               	.LM91:
 381 00c2 5D9A      		sbi 43-32,5
 382               	.LM92:
 383               	/* #APP */
 384               	 ;  148 "ws2812b.c" 1
 385 00c4 0000      		nop 
 386               	 ;  0 "" 2
 387               	.LM93:
 388               	 ;  149 "ws2812b.c" 1
 389 00c6 0000      		nop 
 390               	 ;  0 "" 2
 391               	.LM94:
 392               	 ;  150 "ws2812b.c" 1
 393 00c8 0000      		nop 
 394               	 ;  0 "" 2
 395               	.LM95:
 396               	 ;  151 "ws2812b.c" 1
 397 00ca 0000      		nop 
 398               	 ;  0 "" 2
 399               	.LM96:
 400               	 ;  152 "ws2812b.c" 1
 401 00cc 0000      		nop 
 402               	 ;  0 "" 2
 403               	.LM97:
 404               	 ;  153 "ws2812b.c" 1
 405 00ce 0000      		nop 
 406               	 ;  0 "" 2
 407               	.LM98:
 408               	 ;  154 "ws2812b.c" 1
 409 00d0 0000      		nop 
 410               	 ;  0 "" 2
 411               	.LM99:
 412               	 ;  155 "ws2812b.c" 1
 413 00d2 0000      		nop 
 414               	 ;  0 "" 2
 415               	.LM100:
 416               	/* #NOAPP */
 417 00d4 5D98      		cbi 43-32,5
 418 00d6 00C0      		rjmp .L13
 419               	.L12:
 420               	.LM101:
 421 00d8 5D9A      		sbi 43-32,5
 422               	.LM102:
 423               	/* #APP */
 424               	 ;  159 "ws2812b.c" 1
 425 00da 0000      		nop 
 426               	 ;  0 "" 2
 427               	.LM103:
 428               	 ;  160 "ws2812b.c" 1
 429 00dc 0000      		nop 
 430               	 ;  0 "" 2
 431               	.LM104:
 432               	 ;  161 "ws2812b.c" 1
 433 00de 0000      		nop 
 434               	 ;  0 "" 2
 435               	.LM105:
 436               	/* #NOAPP */
 437 00e0 5D98      		cbi 43-32,5
 438               	.LM106:
 439               	/* #APP */
 440               	 ;  163 "ws2812b.c" 1
 441 00e2 0000      		nop 
 442               	 ;  0 "" 2
 443               	.LM107:
 444               	 ;  164 "ws2812b.c" 1
 445 00e4 0000      		nop 
 446               	 ;  0 "" 2
 447               	.LM108:
 448               	 ;  165 "ws2812b.c" 1
 449 00e6 0000      		nop 
 450               	 ;  0 "" 2
 451               	.LM109:
 452               	 ;  166 "ws2812b.c" 1
 453 00e8 0000      		nop 
 454               	 ;  0 "" 2
 455               	.LM110:
 456               	 ;  167 "ws2812b.c" 1
 457 00ea 0000      		nop 
 458               	 ;  0 "" 2
 459               	/* #NOAPP */
 460               	.L13:
 461               	.LM111:
 462 00ec 82FF      		sbrs r24,2
 463 00ee 00C0      		rjmp .L14
 464               	.LM112:
 465 00f0 5D9A      		sbi 43-32,5
 466               	.LM113:
 467               	/* #APP */
 468               	 ;  173 "ws2812b.c" 1
 469 00f2 0000      		nop 
 470               	 ;  0 "" 2
 471               	.LM114:
 472               	 ;  174 "ws2812b.c" 1
 473 00f4 0000      		nop 
 474               	 ;  0 "" 2
 475               	.LM115:
 476               	 ;  175 "ws2812b.c" 1
 477 00f6 0000      		nop 
 478               	 ;  0 "" 2
 479               	.LM116:
 480               	 ;  176 "ws2812b.c" 1
 481 00f8 0000      		nop 
 482               	 ;  0 "" 2
 483               	.LM117:
 484               	 ;  177 "ws2812b.c" 1
 485 00fa 0000      		nop 
 486               	 ;  0 "" 2
 487               	.LM118:
 488               	 ;  178 "ws2812b.c" 1
 489 00fc 0000      		nop 
 490               	 ;  0 "" 2
 491               	.LM119:
 492               	 ;  179 "ws2812b.c" 1
 493 00fe 0000      		nop 
 494               	 ;  0 "" 2
 495               	.LM120:
 496               	 ;  180 "ws2812b.c" 1
 497 0100 0000      		nop 
 498               	 ;  0 "" 2
 499               	.LM121:
 500               	/* #NOAPP */
 501 0102 5D98      		cbi 43-32,5
 502 0104 00C0      		rjmp .L15
 503               	.L14:
 504               	.LM122:
 505 0106 5D9A      		sbi 43-32,5
 506               	.LM123:
 507               	/* #APP */
 508               	 ;  184 "ws2812b.c" 1
 509 0108 0000      		nop 
 510               	 ;  0 "" 2
 511               	.LM124:
 512               	 ;  185 "ws2812b.c" 1
 513 010a 0000      		nop 
 514               	 ;  0 "" 2
 515               	.LM125:
 516               	 ;  186 "ws2812b.c" 1
 517 010c 0000      		nop 
 518               	 ;  0 "" 2
 519               	.LM126:
 520               	/* #NOAPP */
 521 010e 5D98      		cbi 43-32,5
 522               	.LM127:
 523               	/* #APP */
 524               	 ;  188 "ws2812b.c" 1
 525 0110 0000      		nop 
 526               	 ;  0 "" 2
 527               	.LM128:
 528               	 ;  189 "ws2812b.c" 1
 529 0112 0000      		nop 
 530               	 ;  0 "" 2
 531               	.LM129:
 532               	 ;  190 "ws2812b.c" 1
 533 0114 0000      		nop 
 534               	 ;  0 "" 2
 535               	.LM130:
 536               	 ;  191 "ws2812b.c" 1
 537 0116 0000      		nop 
 538               	 ;  0 "" 2
 539               	.LM131:
 540               	 ;  192 "ws2812b.c" 1
 541 0118 0000      		nop 
 542               	 ;  0 "" 2
 543               	/* #NOAPP */
 544               	.L15:
 545               	.LM132:
 546 011a 81FF      		sbrs r24,1
 547 011c 00C0      		rjmp .L16
 548               	.LM133:
 549 011e 5D9A      		sbi 43-32,5
 550               	.LM134:
 551               	/* #APP */
 552               	 ;  198 "ws2812b.c" 1
 553 0120 0000      		nop 
 554               	 ;  0 "" 2
 555               	.LM135:
 556               	 ;  199 "ws2812b.c" 1
 557 0122 0000      		nop 
 558               	 ;  0 "" 2
 559               	.LM136:
 560               	 ;  200 "ws2812b.c" 1
 561 0124 0000      		nop 
 562               	 ;  0 "" 2
 563               	.LM137:
 564               	 ;  201 "ws2812b.c" 1
 565 0126 0000      		nop 
 566               	 ;  0 "" 2
 567               	.LM138:
 568               	 ;  202 "ws2812b.c" 1
 569 0128 0000      		nop 
 570               	 ;  0 "" 2
 571               	.LM139:
 572               	 ;  203 "ws2812b.c" 1
 573 012a 0000      		nop 
 574               	 ;  0 "" 2
 575               	.LM140:
 576               	 ;  204 "ws2812b.c" 1
 577 012c 0000      		nop 
 578               	 ;  0 "" 2
 579               	.LM141:
 580               	 ;  205 "ws2812b.c" 1
 581 012e 0000      		nop 
 582               	 ;  0 "" 2
 583               	.LM142:
 584               	/* #NOAPP */
 585 0130 5D98      		cbi 43-32,5
 586 0132 00C0      		rjmp .L17
 587               	.L16:
 588               	.LM143:
 589 0134 5D9A      		sbi 43-32,5
 590               	.LM144:
 591               	/* #APP */
 592               	 ;  209 "ws2812b.c" 1
 593 0136 0000      		nop 
 594               	 ;  0 "" 2
 595               	.LM145:
 596               	 ;  210 "ws2812b.c" 1
 597 0138 0000      		nop 
 598               	 ;  0 "" 2
 599               	.LM146:
 600               	 ;  211 "ws2812b.c" 1
 601 013a 0000      		nop 
 602               	 ;  0 "" 2
 603               	.LM147:
 604               	/* #NOAPP */
 605 013c 5D98      		cbi 43-32,5
 606               	.LM148:
 607               	/* #APP */
 608               	 ;  213 "ws2812b.c" 1
 609 013e 0000      		nop 
 610               	 ;  0 "" 2
 611               	.LM149:
 612               	 ;  214 "ws2812b.c" 1
 613 0140 0000      		nop 
 614               	 ;  0 "" 2
 615               	.LM150:
 616               	 ;  215 "ws2812b.c" 1
 617 0142 0000      		nop 
 618               	 ;  0 "" 2
 619               	.LM151:
 620               	 ;  216 "ws2812b.c" 1
 621 0144 0000      		nop 
 622               	 ;  0 "" 2
 623               	.LM152:
 624               	 ;  217 "ws2812b.c" 1
 625 0146 0000      		nop 
 626               	 ;  0 "" 2
 627               	/* #NOAPP */
 628               	.L17:
 629               	.LM153:
 630 0148 80FF      		sbrs r24,0
 631 014a 00C0      		rjmp .L18
 632               	.LM154:
 633 014c 5D9A      		sbi 43-32,5
 634               	.LM155:
 635               	/* #APP */
 636               	 ;  223 "ws2812b.c" 1
 637 014e 0000      		nop 
 638               	 ;  0 "" 2
 639               	.LM156:
 640               	 ;  224 "ws2812b.c" 1
 641 0150 0000      		nop 
 642               	 ;  0 "" 2
 643               	.LM157:
 644               	 ;  225 "ws2812b.c" 1
 645 0152 0000      		nop 
 646               	 ;  0 "" 2
 647               	.LM158:
 648               	 ;  226 "ws2812b.c" 1
 649 0154 0000      		nop 
 650               	 ;  0 "" 2
 651               	.LM159:
 652               	 ;  227 "ws2812b.c" 1
 653 0156 0000      		nop 
 654               	 ;  0 "" 2
 655               	.LM160:
 656               	 ;  228 "ws2812b.c" 1
 657 0158 0000      		nop 
 658               	 ;  0 "" 2
 659               	.LM161:
 660               	 ;  229 "ws2812b.c" 1
 661 015a 0000      		nop 
 662               	 ;  0 "" 2
 663               	.LM162:
 664               	 ;  230 "ws2812b.c" 1
 665 015c 0000      		nop 
 666               	 ;  0 "" 2
 667               	.LM163:
 668               	/* #NOAPP */
 669 015e 5D98      		cbi 43-32,5
 670 0160 0895      		ret
 671               	.L18:
 672               	.LM164:
 673 0162 5D9A      		sbi 43-32,5
 674               	.LM165:
 675               	/* #APP */
 676               	 ;  234 "ws2812b.c" 1
 677 0164 0000      		nop 
 678               	 ;  0 "" 2
 679               	.LM166:
 680               	 ;  235 "ws2812b.c" 1
 681 0166 0000      		nop 
 682               	 ;  0 "" 2
 683               	.LM167:
 684               	 ;  236 "ws2812b.c" 1
 685 0168 0000      		nop 
 686               	 ;  0 "" 2
 687               	.LM168:
 688               	/* #NOAPP */
 689 016a 5D98      		cbi 43-32,5
 690               	.LM169:
 691               	/* #APP */
 692               	 ;  238 "ws2812b.c" 1
 693 016c 0000      		nop 
 694               	 ;  0 "" 2
 695               	.LM170:
 696               	 ;  239 "ws2812b.c" 1
 697 016e 0000      		nop 
 698               	 ;  0 "" 2
 699               	.LM171:
 700               	 ;  240 "ws2812b.c" 1
 701 0170 0000      		nop 
 702               	 ;  0 "" 2
 703               	.LM172:
 704               	 ;  241 "ws2812b.c" 1
 705 0172 0000      		nop 
 706               	 ;  0 "" 2
 707               	.LM173:
 708               	 ;  242 "ws2812b.c" 1
 709 0174 0000      		nop 
 710               	 ;  0 "" 2
 711               	/* #NOAPP */
 712 0176 0895      		ret
 713               	.LFE7:
 715               	.global	WS2812B_Send_Pixel
 717               	WS2812B_Send_Pixel:
 718               	.LFB8:
 719               	.LM174:
 720               	.LVL2:
 721 0178 0F93      		push r16
 722 017a 1F93      		push r17
 723               	/* prologue: function */
 724               	/* frame size = 0 */
 725 017c 182F      		mov r17,r24
 726 017e 862F      		mov r24,r22
 727               	.LVL3:
 728 0180 042F      		mov r16,r20
 729               	.LM175:
 730 0182 0E94 0000 		call WS2812B_Send_Byte
 731               	.LVL4:
 732               	.LM176:
 733 0186 812F      		mov r24,r17
 734 0188 0E94 0000 		call WS2812B_Send_Byte
 735               	.LM177:
 736 018c 802F      		mov r24,r16
 737 018e 0E94 0000 		call WS2812B_Send_Byte
 738               	/* epilogue start */
 739               	.LM178:
 740 0192 1F91      		pop r17
 741               	.LVL5:
 742 0194 0F91      		pop r16
 743               	.LVL6:
 744 0196 0895      		ret
 745               	.LFE8:
 747               	.global	WS2812B_Pixel_Delay
 749               	WS2812B_Pixel_Delay:
 750               	.LFB9:
 751               	.LM179:
 752               	/* prologue: function */
 753               	/* frame size = 0 */
 754               	.LM180:
 755 0198 80E0      		ldi r24,lo8(0)
 756 019a 90E0      		ldi r25,hi8(0)
 757               	.L24:
 758               	.LBB28:
 759               	.LM181:
 760               	/* #APP */
 761               	 ;  254 "ws2812b.c" 1
 762 019c 0000      		nop 
 763               	 ;  0 "" 2
 764               	/* #NOAPP */
 765 019e 0196      		adiw r24,1
 766               	.LM182:
 767 01a0 2CE9      		ldi r18,hi8(-25536)
 768 01a2 8034      		cpi r24,lo8(-25536)
 769 01a4 9207      		cpc r25,r18
 770 01a6 01F4      		brne .L24
 771               	/* epilogue start */
 772               	.LBE28:
 773               	.LM183:
 774 01a8 0895      		ret
 775               	.LFE9:
 777               	.global	WS2812B_send_rgb
 779               	WS2812B_send_rgb:
 780               	.LFB10:
 781               	.LM184:
 782               	.LVL7:
 783 01aa FF92      		push r15
 784 01ac 0F93      		push r16
 785 01ae 1F93      		push r17
 786               	/* prologue: function */
 787               	/* frame size = 0 */
 788 01b0 182F      		mov r17,r24
 789 01b2 062F      		mov r16,r22
 790 01b4 F42E      		mov r15,r20
 791               	.LM185:
 792 01b6 862F      		mov r24,r22
 793               	.LVL8:
 794 01b8 0E94 0000 		call WS2812B_Send_Byte
 795               	.LVL9:
 796               	.LM186:
 797 01bc 812F      		mov r24,r17
 798 01be 0E94 0000 		call WS2812B_Send_Byte
 799               	.LM187:
 800 01c2 8F2D      		mov r24,r15
 801 01c4 0E94 0000 		call WS2812B_Send_Byte
 802               	.LM188:
 803 01c8 1093 0000 		sts WS2812B,r17
 804               	.LM189:
 805 01cc 0093 0000 		sts WS2812B+1,r16
 806               	.LM190:
 807 01d0 F092 0000 		sts WS2812B+2,r15
 808               	/* epilogue start */
 809               	.LM191:
 810 01d4 1F91      		pop r17
 811               	.LVL10:
 812 01d6 0F91      		pop r16
 813               	.LVL11:
 814 01d8 FF90      		pop r15
 815               	.LVL12:
 816 01da 0895      		ret
 817               	.LFE10:
 819               	.global	WS2812B_send_rgb_Target
 821               	WS2812B_send_rgb_Target:
 822               	.LFB11:
 823               	.LM192:
 824               	.LVL13:
 825               	/* prologue: function */
 826               	/* frame size = 0 */
 827               	.LM193:
 828 01dc 9091 0000 		lds r25,WS2812B+6
 829 01e0 9817      		cp r25,r24
 830 01e2 00F4      		brsh .L30
 831               	.LM194:
 832 01e4 9093 0000 		sts WS2812B+3,r25
 833 01e8 00C0      		rjmp .L31
 834               	.L30:
 835               	.LM195:
 836 01ea 8093 0000 		sts WS2812B+3,r24
 837               	.L31:
 838               	.LM196:
 839 01ee 9617      		cp r25,r22
 840 01f0 00F4      		brsh .L32
 841               	.LM197:
 842 01f2 9093 0000 		sts WS2812B+4,r25
 843 01f6 00C0      		rjmp .L33
 844               	.L32:
 845               	.LM198:
 846 01f8 6093 0000 		sts WS2812B+4,r22
 847               	.L33:
 848               	.LM199:
 849 01fc 9417      		cp r25,r20
 850 01fe 00F4      		brsh .L34
 851               	.LM200:
 852 0200 9093 0000 		sts WS2812B+5,r25
 853 0204 0895      		ret
 854               	.L34:
 855               	.LM201:
 856 0206 4093 0000 		sts WS2812B+5,r20
 857 020a 0895      		ret
 858               	.LFE11:
 860               	.global	WS2812B_Sync
 862               	WS2812B_Sync:
 863               	.LFB12:
 864               	.LM202:
 865 020c FF92      		push r15
 866 020e 0F93      		push r16
 867 0210 1F93      		push r17
 868 0212 CF93      		push r28
 869 0214 DF93      		push r29
 870               	/* prologue: function */
 871               	/* frame size = 0 */
 872               	.LM203:
 873 0216 00E0      		ldi r16,lo8(0)
 874               	.LVL14:
 875 0218 FF24      		clr r15
 876               	.LVL15:
 877               	.LBB29:
 878               	.LBB30:
 879               	.LBB31:
 880               	.LBB32:
 881               	.LBB33:
 882               	.LBB34:
 883               	.LBB35:
 884               	.LM204:
 885 021a C8E2      		ldi r28,lo8(9000)
 886 021c D3E2      		ldi r29,hi8(9000)
 887               	.LVL16:
 888               	.L49:
 889               	.LBE35:
 890               	.LBE34:
 891               	.LBE33:
 892               	.LBE32:
 893               	.LBE31:
 894               	.LBE30:
 895               	.LM205:
 896 021e 9091 0000 		lds r25,WS2812B+3
 897 0222 8091 0000 		lds r24,WS2812B
 898 0226 8917      		cp r24,r25
 899 0228 00F4      		brsh .L38
 900               	.LM206:
 901 022a 8F5F      		subi r24,lo8(-(1))
 902 022c 00C0      		rjmp .L53
 903               	.L38:
 904               	.LM207:
 905 022e 9817      		cp r25,r24
 906 0230 00F4      		brsh .L40
 907               	.LM208:
 908 0232 8150      		subi r24,lo8(-(-1))
 909               	.L53:
 910 0234 8093 0000 		sts WS2812B,r24
 911 0238 00C0      		rjmp .L39
 912               	.L40:
 913               	.LM209:
 914 023a 0160      		ori r16,lo8(1)
 915               	.L39:
 916               	.LM210:
 917 023c 9091 0000 		lds r25,WS2812B+4
 918 0240 8091 0000 		lds r24,WS2812B+1
 919 0244 8917      		cp r24,r25
 920 0246 00F4      		brsh .L41
 921               	.LM211:
 922 0248 8F5F      		subi r24,lo8(-(1))
 923 024a 00C0      		rjmp .L54
 924               	.L41:
 925               	.LM212:
 926 024c 9817      		cp r25,r24
 927 024e 00F4      		brsh .L43
 928               	.LM213:
 929 0250 8150      		subi r24,lo8(-(-1))
 930               	.L54:
 931 0252 8093 0000 		sts WS2812B+1,r24
 932 0256 00C0      		rjmp .L42
 933               	.L43:
 934               	.LM214:
 935 0258 0260      		ori r16,lo8(2)
 936               	.L42:
 937               	.LM215:
 938 025a 9091 0000 		lds r25,WS2812B+5
 939 025e 8091 0000 		lds r24,WS2812B+2
 940 0262 8917      		cp r24,r25
 941 0264 00F4      		brsh .L44
 942               	.LM216:
 943 0266 8F5F      		subi r24,lo8(-(1))
 944 0268 00C0      		rjmp .L55
 945               	.L44:
 946               	.LM217:
 947 026a 9817      		cp r25,r24
 948 026c 00F4      		brsh .L46
 949               	.LM218:
 950 026e 8150      		subi r24,lo8(-(-1))
 951               	.L55:
 952 0270 8093 0000 		sts WS2812B+2,r24
 953 0274 00C0      		rjmp .L45
 954               	.L46:
 955               	.LM219:
 956 0276 0460      		ori r16,lo8(4)
 957               	.L45:
 958 0278 10E0      		ldi r17,lo8(0)
 959               	.L47:
 960               	.LBB41:
 961               	.LM220:
 962 027a 8091 0000 		lds r24,WS2812B
 963 027e 6091 0000 		lds r22,WS2812B+1
 964 0282 4091 0000 		lds r20,WS2812B+2
 965 0286 0E94 0000 		call WS2812B_send_rgb
 966               	.LM221:
 967 028a 1F5F      		subi r17,lo8(-(1))
 968 028c 1837      		cpi r17,lo8(120)
 969 028e 01F4      		brne .L47
 970               	.LBE41:
 971               	.LBB42:
 972               	.LBB40:
 973               	.LBB39:
 974               	.LBB38:
 975               	.LBB37:
 976               	.LBB36:
 977               	.LM222:
 978 0290 CE01      		movw r24,r28
 979               	.LVL17:
 980               	/* #APP */
 981               	 ;  105 "c:/winavr-20100110/lib/gcc/../../avr/include/util/delay_basic.h" 1
 982 0292 0197      		1: sbiw r24,1
 983 0294 01F4      		brne 1b
 984               	 ;  0 "" 2
 985               	/* #NOAPP */
 986               	.LBE36:
 987               	.LBE37:
 988               	.LBE38:
 989               	.LBE39:
 990               	.LBE40:
 991               	.LBE42:
 992               	.LM223:
 993 0296 0730      		cpi r16,lo8(7)
 994 0298 01F0      		breq .L50
 995               	.LM224:
 996 029a F394      		inc r15
 997 029c 8FEF      		ldi r24,lo8(-1)
 998               	.LVL18:
 999 029e F816      		cp r15,r24
 1000 02a0 01F0      		breq .+2
 1001 02a2 00C0      		rjmp .L49
 1002               	.LVL19:
 1003               	.L50:
 1004               	/* epilogue start */
 1005               	.LBE29:
 1006               	.LM225:
 1007 02a4 DF91      		pop r29
 1008 02a6 CF91      		pop r28
 1009 02a8 1F91      		pop r17
 1010               	.LVL20:
 1011 02aa 0F91      		pop r16
 1012               	.LVL21:
 1013 02ac FF90      		pop r15
 1014               	.LVL22:
 1015 02ae 0895      		ret
 1016               	.LFE12:
 1018               	.global	WS2812B_Get_Max_Intensity
 1020               	WS2812B_Get_Max_Intensity:
 1021               	.LFB13:
 1022               	.LM226:
 1023               	/* prologue: function */
 1024               	/* frame size = 0 */
 1025               	.LM227:
 1026 02b0 8091 0000 		lds r24,WS2812B+6
 1027               	/* epilogue start */
 1028 02b4 0895      		ret
 1029               	.LFE13:
 1031               	.global	WS2812B_Set_Max_Intensity
 1033               	WS2812B_Set_Max_Intensity:
 1034               	.LFB14:
 1035               	.LM228:
 1036               	.LVL23:
 1037               	/* prologue: function */
 1038               	/* frame size = 0 */
 1039               	.LM229:
 1040 02b6 8093 0000 		sts WS2812B+6,r24
 1041               	/* epilogue start */
 1042               	.LM230:
 1043 02ba 0895      		ret
 1044               	.LFE14:
 1046               	.global	WS2812B_Init
 1048               	WS2812B_Init:
 1049               	.LFB15:
 1050               	.LM231:
 1051               	/* prologue: function */
 1052               	/* frame size = 0 */
 1053               	.LBB43:
 1054               	.LBB44:
 1055               	.LM232:
 1056 02bc 559A      		sbi 42-32,5
 1057               	.LM233:
 1058 02be 5D98      		cbi 43-32,5
 1059               	/* epilogue start */
 1060               	.LBE44:
 1061               	.LBE43:
 1062               	.LM234:
 1063 02c0 0895      		ret
 1064               	.LFE15:
 1066               	.global	WS2812B
 1067               		.data
 1070               	WS2812B:
 1071 0000 00        		.byte	0
 1072 0001 00        		.byte	0
 1073 0002 00        		.byte	0
 1074 0003 00        		.byte	0
 1075 0004 00        		.byte	0
 1076 0005 00        		.byte	0
 1077 0006 80        		.byte	-128
 1174               	.Letext0:
DEFINED SYMBOLS
                            *ABS*:00000000 ws2812b.c
C:\Users\WALTON\AppData\Local\Temp/ccv0MOX5.s:2      *ABS*:0000003f __SREG__
C:\Users\WALTON\AppData\Local\Temp/ccv0MOX5.s:3      *ABS*:0000003e __SP_H__
C:\Users\WALTON\AppData\Local\Temp/ccv0MOX5.s:4      *ABS*:0000003d __SP_L__
C:\Users\WALTON\AppData\Local\Temp/ccv0MOX5.s:5      *ABS*:00000034 __CCP__
C:\Users\WALTON\AppData\Local\Temp/ccv0MOX5.s:6      *ABS*:00000000 __tmp_reg__
C:\Users\WALTON\AppData\Local\Temp/ccv0MOX5.s:7      *ABS*:00000001 __zero_reg__
C:\Users\WALTON\AppData\Local\Temp/ccv0MOX5.s:18     .text:00000000 WS2812B_Gpio_Init
C:\Users\WALTON\AppData\Local\Temp/ccv0MOX5.s:34     .text:00000006 WS2812B_Send_Byte
C:\Users\WALTON\AppData\Local\Temp/ccv0MOX5.s:717    .text:00000178 WS2812B_Send_Pixel
C:\Users\WALTON\AppData\Local\Temp/ccv0MOX5.s:749    .text:00000198 WS2812B_Pixel_Delay
C:\Users\WALTON\AppData\Local\Temp/ccv0MOX5.s:779    .text:000001aa WS2812B_send_rgb
C:\Users\WALTON\AppData\Local\Temp/ccv0MOX5.s:1070   .data:00000000 WS2812B
C:\Users\WALTON\AppData\Local\Temp/ccv0MOX5.s:821    .text:000001dc WS2812B_send_rgb_Target
C:\Users\WALTON\AppData\Local\Temp/ccv0MOX5.s:862    .text:0000020c WS2812B_Sync
C:\Users\WALTON\AppData\Local\Temp/ccv0MOX5.s:1020   .text:000002b0 WS2812B_Get_Max_Intensity
C:\Users\WALTON\AppData\Local\Temp/ccv0MOX5.s:1033   .text:000002b6 WS2812B_Set_Max_Intensity
C:\Users\WALTON\AppData\Local\Temp/ccv0MOX5.s:1048   .text:000002bc WS2812B_Init

UNDEFINED SYMBOLS
__do_copy_data
